2012/11/24 15:32:42 INFO  - jmeter.util.JMeterUtils: Setting Locale to pl_PL 
2012/11/24 15:32:42 INFO  - jmeter.util.JMeterUtils: Could not find resources for 'pl_PL', using 'pl' 
2012/11/24 15:32:42 INFO  - jmeter.JMeter: Loading user properties from: /home/pawel/Dropbox/studia/inzynierka/apache-jmeter-2.7/bin/user.properties 
2012/11/24 15:32:42 INFO  - jmeter.JMeter: Loading system properties from: /home/pawel/Dropbox/studia/inzynierka/apache-jmeter-2.7/bin/system.properties 
2012/11/24 15:32:42 INFO  - jmeter.JMeter: Copyright (c) 1998-2012 The Apache Software Foundation 
2012/11/24 15:32:42 INFO  - jmeter.JMeter: Version 2.7 r1342410 
2012/11/24 15:32:42 INFO  - jmeter.JMeter: java.version=1.6.0_22 
2012/11/24 15:32:42 INFO  - jmeter.JMeter: java.vm.name=OpenJDK Server VM 
2012/11/24 15:32:42 INFO  - jmeter.JMeter: os.name=Linux 
2012/11/24 15:32:42 INFO  - jmeter.JMeter: os.arch=i386 
2012/11/24 15:32:42 INFO  - jmeter.JMeter: os.version=2.6.38-12-generic 
2012/11/24 15:32:42 INFO  - jmeter.JMeter: file.encoding=UTF-8 
2012/11/24 15:32:42 INFO  - jmeter.JMeter: Default Locale=polski (Polska) 
2012/11/24 15:32:42 INFO  - jmeter.JMeter: JMeter  Locale=polski (Polska) 
2012/11/24 15:32:42 INFO  - jmeter.JMeter: JMeterHome=/home/pawel/Dropbox/studia/inzynierka/apache-jmeter-2.7 
2012/11/24 15:32:42 INFO  - jmeter.JMeter: user.dir  =/home/pawel/Dropbox/studia/inzynierka/apache-jmeter-2.7/bin 
2012/11/24 15:32:42 INFO  - jmeter.JMeter: PWD       =/home/pawel/Dropbox/studia/inzynierka/apache-jmeter-2.7/bin 
2012/11/24 15:32:42 INFO  - jmeter.JMeter: IP: 127.0.1.1 Name: pawel-F3F FullName: pawel-F3F 
2012/11/24 15:32:42 INFO  - jmeter.JMeter: Loaded icon properties from org/apache/jmeter/images/icon.properties 
2012/11/24 15:32:43 INFO  - jmeter.engine.util.CompoundVariable: Note: Function class names must contain the string: '.functions.' 
2012/11/24 15:32:43 INFO  - jmeter.engine.util.CompoundVariable: Note: Function class names must not contain the string: '.gui.' 
2012/11/24 15:32:44 INFO  - jmeter.gui.action.LookAndFeelCommand: Using look and feel: javax.swing.plaf.metal.MetalLookAndFeel [Metal, CrossPlatform] 
2012/11/24 15:32:45 INFO  - jmeter.gui.util.MenuFactory: Skipping kg.apc.jmeter.config.VariablesFromCSVFile 
2012/11/24 15:32:46 INFO  - jmeter.util.BSFTestElement: Registering JMeter version of JavaScript engine as work-round for BSF-22 
2012/11/24 15:32:47 INFO  - jmeter.protocol.http.sampler.HTTPSamplerBase: Cannot find .className property for htmlParser, using default 
2012/11/24 15:32:47 INFO  - jmeter.protocol.http.sampler.HTTPSamplerBase: Parser for text/html is  
2012/11/24 15:32:47 INFO  - jmeter.protocol.http.sampler.HTTPSamplerBase: Parser for application/xhtml+xml is  
2012/11/24 15:32:47 INFO  - jmeter.protocol.http.sampler.HTTPSamplerBase: Parser for application/xml is  
2012/11/24 15:32:47 INFO  - jmeter.protocol.http.sampler.HTTPSamplerBase: Parser for text/xml is  
2012/11/24 15:32:47 INFO  - jmeter.protocol.http.sampler.HTTPSamplerBase: Parser for text/vnd.wap.wml is org.apache.jmeter.protocol.http.parser.RegexpHTMLParser 
2012/11/24 15:32:47 INFO  - jmeter.protocol.http.sampler.HTTPSamplerBase: Reuse SSL session context on subsequent iterations: true 
2012/11/24 15:32:47 INFO  - jmeter.gui.util.MenuFactory: Skipping org.apache.jmeter.protocol.http.modifier.gui.ParamModifierGui 
2012/11/24 15:32:48 INFO  - jmeter.samplers.SampleResult: Note: Sample TimeStamps are START times 
2012/11/24 15:32:48 INFO  - jmeter.samplers.SampleResult: sampleresult.default.encoding is set to ISO-8859-1 
2012/11/24 15:32:48 INFO  - jmeter.samplers.SampleResult: sampleresult.useNanoTime=true 
2012/11/24 15:32:48 INFO  - jmeter.samplers.SampleResult: sampleresult.nanoThreadSleep=5000 
2012/11/24 15:32:58 INFO  - jmeter.services.FileServer: Default base='/home/pawel/Dropbox/studia/inzynierka/apache-jmeter-2.7/bin' 
2012/11/24 15:32:58 INFO  - jmeter.gui.action.Load: Loading file: /home/pawel/Dropbox/studia/inzynierka/apache-jmeter-2.7/bin/udp_sampler.jmx 
2012/11/24 15:32:58 INFO  - jmeter.services.FileServer: Set new base='/home/pawel/Dropbox/studia/inzynierka/apache-jmeter-2.7/bin' 
2012/11/24 15:32:58 INFO  - jmeter.save.SaveService: Testplan (JMX) version: 2.2. Testlog (JTL) version: 2.2 
2012/11/24 15:32:58 INFO  - jmeter.save.SaveService: Using SaveService properties file encoding UTF-8 
2012/11/24 15:32:58 INFO  - jmeter.save.SaveService: Using SaveService properties file version 1332608 
2012/11/24 15:32:58 INFO  - jmeter.save.SaveService: Using SaveService properties version 2.3 
2012/11/24 15:32:58 INFO  - jmeter.save.SaveService: All converter versions present and correct 
2012/11/24 15:32:59 INFO  - jmeter.threads.JMeterThread: jmeterthread.startearlier=true (see jmeter.properties) 
2012/11/24 15:32:59 INFO  - jmeter.threads.JMeterThread: Running PostProcessors in forward order 
2012/11/24 15:32:59 INFO  - jmeter.services.FileServer: Set new base='/home/pawel/Dropbox/studia/inzynierka/apache-jmeter-2.7/bin' 
2012/11/24 15:33:10 INFO  - jmeter.engine.StandardJMeterEngine: Listeners will be started after enabling running version 
2012/11/24 15:33:10 INFO  - jmeter.engine.StandardJMeterEngine: To revert to the earlier behaviour, define jmeterengine.startlistenerslater=false 
2012/11/24 15:33:10 INFO  - jmeter.engine.StandardJMeterEngine: Running the test! 
2012/11/24 15:33:10 INFO  - jmeter.gui.util.JMeterMenuBar: setRunning(true,*local*) 
2012/11/24 15:33:10 INFO  - jmeter.engine.StandardJMeterEngine: Starting 20 threads for group jp@gc - Ultimate Thread Group. 
2012/11/24 15:33:10 INFO  - jmeter.engine.StandardJMeterEngine: Thread will continue on error 
2012/11/24 15:33:10 INFO  - jmeter.threads.JMeterThread: Thread started: jp@gc - Ultimate Thread Group 1-1 
2012/11/24 15:33:10 INFO  - jmeter.threads.JMeterThread: Thread started: jp@gc - Ultimate Thread Group 1-2 
2012/11/24 15:33:10 INFO  - jmeter.threads.JMeterThread: Thread started: jp@gc - Ultimate Thread Group 1-5 
2012/11/24 15:33:10 INFO  - jmeter.threads.JMeterThread: Thread started: jp@gc - Ultimate Thread Group 1-6 
2012/11/24 15:33:10 INFO  - jmeter.threads.JMeterThread: Thread started: jp@gc - Ultimate Thread Group 1-7 
2012/11/24 15:33:10 INFO  - jmeter.threads.JMeterThread: Thread started: jp@gc - Ultimate Thread Group 1-3 
2012/11/24 15:33:10 INFO  - jmeter.threads.JMeterThread: Thread started: jp@gc - Ultimate Thread Group 1-4 
2012/11/24 15:33:10 INFO  - jmeter.threads.JMeterThread: Thread started: jp@gc - Ultimate Thread Group 1-8 
2012/11/24 15:33:10 INFO  - jmeter.threads.JMeterThread: Thread started: jp@gc - Ultimate Thread Group 1-9 
2012/11/24 15:33:10 INFO  - jmeter.threads.JMeterThread: Thread started: jp@gc - Ultimate Thread Group 1-10 
2012/11/24 15:33:10 INFO  - jmeter.engine.StandardJMeterEngine: All threads have been started 
2012/11/24 15:33:10 INFO  - jmeter.threads.JMeterThread: Thread started: jp@gc - Ultimate Thread Group 1-18 
2012/11/24 15:33:10 INFO  - jmeter.threads.JMeterThread: Thread started: jp@gc - Ultimate Thread Group 1-19 
2012/11/24 15:33:10 INFO  - jmeter.threads.JMeterThread: Thread started: jp@gc - Ultimate Thread Group 1-17 
2012/11/24 15:33:10 INFO  - jmeter.threads.JMeterThread: Thread started: jp@gc - Ultimate Thread Group 1-20 
2012/11/24 15:33:10 INFO  - jmeter.threads.JMeterThread: Thread started: jp@gc - Ultimate Thread Group 1-16 
2012/11/24 15:33:10 INFO  - jmeter.threads.JMeterThread: Thread started: jp@gc - Ultimate Thread Group 1-15 
2012/11/24 15:33:10 INFO  - jmeter.threads.JMeterThread: Thread started: jp@gc - Ultimate Thread Group 1-11 
2012/11/24 15:33:10 INFO  - jmeter.threads.JMeterThread: Thread started: jp@gc - Ultimate Thread Group 1-14 
2012/11/24 15:33:10 INFO  - jmeter.threads.JMeterThread: Thread started: jp@gc - Ultimate Thread Group 1-13 
2012/11/24 15:33:10 INFO  - jmeter.threads.JMeterThread: Thread started: jp@gc - Ultimate Thread Group 1-12 
2012/11/24 15:33:20 INFO  - jmeter.threads.JMeterThread: Thread finished: jp@gc - Ultimate Thread Group 1-1 
2012/11/24 15:33:20 INFO  - jmeter.engine.StandardJMeterEngine: Ending thread jp@gc - Ultimate Thread Group 1-1 
2012/11/24 15:33:20 INFO  - jmeter.threads.JMeterThread: Thread finished: jp@gc - Ultimate Thread Group 1-2 
2012/11/24 15:33:20 INFO  - jmeter.engine.StandardJMeterEngine: Ending thread jp@gc - Ultimate Thread Group 1-2 
2012/11/24 15:33:20 INFO  - jmeter.threads.JMeterThread: Thread finished: jp@gc - Ultimate Thread Group 1-6 
2012/11/24 15:33:20 INFO  - jmeter.engine.StandardJMeterEngine: Ending thread jp@gc - Ultimate Thread Group 1-6 
2012/11/24 15:33:20 INFO  - jmeter.threads.JMeterThread: Thread finished: jp@gc - Ultimate Thread Group 1-8 
2012/11/24 15:33:20 INFO  - jmeter.engine.StandardJMeterEngine: Ending thread jp@gc - Ultimate Thread Group 1-8 
2012/11/24 15:33:20 INFO  - jmeter.threads.JMeterThread: Thread finished: jp@gc - Ultimate Thread Group 1-9 
2012/11/24 15:33:20 INFO  - jmeter.engine.StandardJMeterEngine: Ending thread jp@gc - Ultimate Thread Group 1-9 
2012/11/24 15:33:20 INFO  - jmeter.threads.JMeterThread: Thread finished: jp@gc - Ultimate Thread Group 1-4 
2012/11/24 15:33:20 INFO  - jmeter.engine.StandardJMeterEngine: Ending thread jp@gc - Ultimate Thread Group 1-4 
2012/11/24 15:33:20 INFO  - jmeter.threads.JMeterThread: Thread finished: jp@gc - Ultimate Thread Group 1-10 
2012/11/24 15:33:20 INFO  - jmeter.engine.StandardJMeterEngine: Ending thread jp@gc - Ultimate Thread Group 1-10 
2012/11/24 15:33:20 INFO  - jmeter.threads.JMeterThread: Thread finished: jp@gc - Ultimate Thread Group 1-12 
2012/11/24 15:33:20 INFO  - jmeter.engine.StandardJMeterEngine: Ending thread jp@gc - Ultimate Thread Group 1-12 
2012/11/24 15:33:20 INFO  - jmeter.threads.JMeterThread: Thread finished: jp@gc - Ultimate Thread Group 1-11 
2012/11/24 15:33:20 INFO  - jmeter.engine.StandardJMeterEngine: Ending thread jp@gc - Ultimate Thread Group 1-11 
2012/11/24 15:33:20 INFO  - jmeter.threads.JMeterThread: Thread finished: jp@gc - Ultimate Thread Group 1-13 
2012/11/24 15:33:20 INFO  - jmeter.engine.StandardJMeterEngine: Ending thread jp@gc - Ultimate Thread Group 1-13 
2012/11/24 15:33:20 INFO  - jmeter.threads.JMeterThread: Thread finished: jp@gc - Ultimate Thread Group 1-18 
2012/11/24 15:33:20 INFO  - jmeter.engine.StandardJMeterEngine: Ending thread jp@gc - Ultimate Thread Group 1-18 
2012/11/24 15:33:20 INFO  - jmeter.threads.JMeterThread: Thread finished: jp@gc - Ultimate Thread Group 1-16 
2012/11/24 15:33:20 INFO  - jmeter.engine.StandardJMeterEngine: Ending thread jp@gc - Ultimate Thread Group 1-16 
2012/11/24 15:33:20 INFO  - jmeter.threads.JMeterThread: Thread finished: jp@gc - Ultimate Thread Group 1-3 
2012/11/24 15:33:20 INFO  - jmeter.engine.StandardJMeterEngine: Ending thread jp@gc - Ultimate Thread Group 1-3 
2012/11/24 15:33:20 INFO  - jmeter.threads.JMeterThread: Thread finished: jp@gc - Ultimate Thread Group 1-15 
2012/11/24 15:33:20 INFO  - jmeter.engine.StandardJMeterEngine: Ending thread jp@gc - Ultimate Thread Group 1-15 
2012/11/24 15:33:20 INFO  - jmeter.threads.JMeterThread: Thread finished: jp@gc - Ultimate Thread Group 1-5 
2012/11/24 15:33:20 INFO  - jmeter.engine.StandardJMeterEngine: Ending thread jp@gc - Ultimate Thread Group 1-5 
2012/11/24 15:33:20 INFO  - jmeter.threads.JMeterThread: Thread finished: jp@gc - Ultimate Thread Group 1-7 
2012/11/24 15:33:20 INFO  - jmeter.engine.StandardJMeterEngine: Ending thread jp@gc - Ultimate Thread Group 1-7 
2012/11/24 15:33:20 INFO  - jmeter.threads.JMeterThread: Thread finished: jp@gc - Ultimate Thread Group 1-14 
2012/11/24 15:33:20 INFO  - jmeter.engine.StandardJMeterEngine: Ending thread jp@gc - Ultimate Thread Group 1-14 
2012/11/24 15:33:20 INFO  - jmeter.threads.JMeterThread: Thread finished: jp@gc - Ultimate Thread Group 1-17 
2012/11/24 15:33:20 INFO  - jmeter.engine.StandardJMeterEngine: Ending thread jp@gc - Ultimate Thread Group 1-17 
2012/11/24 15:33:20 INFO  - jmeter.threads.JMeterThread: Thread finished: jp@gc - Ultimate Thread Group 1-19 
2012/11/24 15:33:20 INFO  - jmeter.engine.StandardJMeterEngine: Ending thread jp@gc - Ultimate Thread Group 1-19 
2012/11/24 15:33:20 INFO  - jmeter.threads.JMeterThread: Thread finished: jp@gc - Ultimate Thread Group 1-20 
2012/11/24 15:33:20 INFO  - jmeter.engine.StandardJMeterEngine: Ending thread jp@gc - Ultimate Thread Group 1-20 
2012/11/24 15:33:20 INFO  - jmeter.engine.StandardJMeterEngine: Notifying test listeners of end of test 
2012/11/24 15:33:20 INFO  - jmeter.gui.util.JMeterMenuBar: setRunning(false,*local*) 
2012/11/24 15:33:20 INFO  - jmeter.engine.StandardJMeterEngine: Test has ended on host null 
